<?xml version="1.0" encoding="UTF-8"?>
<testsuite name="tech.beget.bookReview.ExampleUnitTest" tests="1" skipped="0" failures="0" errors="0" timestamp="2019-03-23T11:54:54" hostname="DESKTOP-8308RJS" time="0.001">
  <properties/>
  <testcase name="addition_isCorrect" classname="tech.beget.bookReview.ExampleUnitTest" time="0.001"/>
  <system-out><![CDATA[]]></system-out>
  <system-err><![CDATA[]]></system-err>
</testsuite>
